#
# There is insufficient memory for the Java Runtime Environment to continue.
# Native memory allocation (mmap) failed to map 121634816 bytes. Error detail: G1 virtual space
# Possible reasons:
#   The system is out of physical RAM or swap space
#   This process is running with CompressedOops enabled, and the Java Heap may be blocking the growth of the native heap
# Possible solutions:
#   Reduce memory load on the system
#   Increase physical memory or swap space
#   Check if swap backing store is full
#   Decrease Java heap size (-Xmx/-Xms)
#   Decrease number of Java threads
#   Decrease Java thread stack sizes (-Xss)
#   Set larger code cache with -XX:ReservedCodeCacheSize=
#   JVM is running with Unscaled Compressed Oops mode in which the Java heap is
#     placed in the first 4GB address space. The Java Heap base address is the
#     maximum limit for the native heap growth. Please use -XX:HeapBaseMinAddress
#     to set the Java Heap base and to place the Java Heap above 4GB virtual address.
# This output file may be truncated or incomplete.
#
#  Out of Memory Error (os_windows.cpp:3714), pid=13468, tid=30224
#
# JRE version:  (21.0.11+10) (build )
# Java VM: OpenJDK 64-Bit Server VM (21.0.11+10-LTS, mixed mode, sharing, tiered, compressed oops, compressed class ptrs, g1 gc, windows-amd64)
# No core dump will be written. Minidumps are not enabled by default on client versions of Windows
#

---------------  S U M M A R Y ------------

Command Line: -Dorg.gradle.internal.worker.tmpdir=C:\Users\chhay\projects\ema-thp\build\tmp\test\work -Xmx512m -Dfile.encoding=UTF-8 -Duser.country=IN -Duser.language=en -Duser.variant -ea worker.org.gradle.process.internal.worker.GradleWorkerMain 'Gradle Test Executor 3'

Host: AMD Ryzen 3 7320U with Radeon Graphics         , 8 cores, 7G,  Windows 11 , 64 bit Build 26100 (10.0.26100.8246)
Time: Tue May 12 15:57:13 2026 India Standard Time elapsed time: 3.136214 seconds (0d 0h 0m 3s)

---------------  T H R E A D  ---------------

Current thread (0x000001c3bd75afe0):  JavaThread "Unknown thread" [_thread_in_vm, id=30224, stack(0x0000004664700000,0x0000004664800000) (1024K)]

Stack: [0x0000004664700000,0x0000004664800000]
Native frames: (J=compiled Java code, j=interpreted, Vv=VM code, C=native code)
V  [jvm.dll+0x6d7e19]
V  [jvm.dll+0x8b5096]
V  [jvm.dll+0x8b764e]
V  [jvm.dll+0x8b7d33]
V  [jvm.dll+0x284596]
V  [jvm.dll+0x6d4735]
V  [jvm.dll+0x6c845a]
V  [jvm.dll+0x35ef08]
V  [jvm.dll+0x366b46]
V  [jvm.dll+0x3b7c2e]
V  [jvm.dll+0x3b7ed8]
V  [jvm.dll+0x33310c]
V  [jvm.dll+0x333c5b]
V  [jvm.dll+0x87f04b]
V  [jvm.dll+0x3c4bb1]
V  [jvm.dll+0x868295]
V  [jvm.dll+0x457c41]
V  [jvm.dll+0x459831]
C  [jli.dll+0x52dc]
C  [ucrtbase.dll+0x37b0]
C  [KERNEL32.DLL+0x2e8d7]
C  [ntdll.dll+0x8c3fc]


---------------  P R O C E S S  ---------------

Threads class SMR info:
_java_thread_list=0x00007ff9b8a5b1c8, length=0, elements={
}

Java Threads: ( => current thread )
Total: 0

Other Threads:
  0x000001c3bd787220 WorkerThread "GC Thread#0"                     [id=30656, stack(0x0000004664800000,0x0000004664900000) (1024K)]
  0x000001c3bd78c210 ConcurrentGCThread "G1 Main Marker"            [id=11908, stack(0x0000004664900000,0x0000004664a00000) (1024K)]
  0x000001c3bd78cd20 WorkerThread "G1 Conc#0"                       [id=19336, stack(0x0000004664a00000,0x0000004664b00000) (1024K)]

[error occurred during error reporting (printing all threads), id 0xc0000005, EXCEPTION_ACCESS_VIOLATION (0xc0000005) at pc=0x00007ff9b81557f7]
VM state: not at safepoint (not fully initialized)

VM Mutex/Monitor currently owned by a thread:  ([mutex/lock_event])
[0x00007ff9b8acf670] Heap_lock - owner thread: 0x000001c3bd75afe0

Heap address: 0x00000000e0000000, size: 512 MB, Compressed Oops mode: 32-bit

CDS archive(s) mapped at: [0x0000000000000000-0x0000000000000000-0x0000000000000000), size 0, SharedBaseAddress: 0x0000000800000000, ArchiveRelocationMode: 1.
Narrow klass base: 0x0000000000000000, Narrow klass shift: 0, Narrow klass range: 0x0

GC Precious Log:
 CardTable entry size: 512
 Card Set container configuration: InlinePtr #cards 5 size 8 Array Of Cards #cards 12 size 40 Howl #buckets 4 coarsen threshold 1843 Howl Bitmap #cards 512 size 80 coarsen threshold 460 Card regions per heap region 1 cards per card region 2048

Heap:
 garbage-first heap   total 0K, used 0K [0x00000000e0000000, 0x0000000100000000)
  region size 1024K, 0 young (0K), 0 survivors (0K)

[error occurred during error reporting (printing heap information), id 0xc0000005, EXCEPTION_ACCESS_VIOLATION (0xc0000005) at pc=0x00007ff9b8541789]
GC Heap History (0 events):
No events

Dll operation events (1 events):
Event: 0.044 Loaded shared library C:\Program Files\Eclipse Adoptium\jdk-21.0.11.10-hotspot\bin\java.dll

Deoptimization events (0 events):
No events

Classes loaded (0 events):
No events

Classes unloaded (0 events):
No events

Classes redefined (0 events):
No events

Internal exceptions (0 events):
No events

ZGC Phase Switch (0 events):
No events

VM Operations (0 events):
No events

Memory protections (0 events):
No events

Nmethod flushes (0 events):
No events

Events (0 events):
No events


Dynamic libraries:
0x00007ff72f8a0000 - 0x00007ff72f8ae000 	C:\Program Files\Eclipse Adoptium\jdk-21.0.11.10-hotspot\bin\java.exe
0x00007ffa862e0000 - 0x00007ffa86547000 	C:\Windows\SYSTEM32\ntdll.dll
0x00007ffa84df0000 - 0x00007ffa84eb9000 	C:\Windows\System32\KERNEL32.DLL
0x00007ffa82bb0000 - 0x00007ffa82fa4000 	C:\Windows\System32\KERNELBASE.dll
0x00007ffa83cb0000 - 0x00007ffa83dfb000 	C:\Windows\System32\ucrtbase.dll
0x00007ffa6df20000 - 0x00007ffa6df3e000 	C:\Program Files\Eclipse Adoptium\jdk-21.0.11.10-hotspot\bin\VCRUNTIME140.dll
0x00007ffa6df00000 - 0x00007ffa6df18000 	C:\Program Files\Eclipse Adoptium\jdk-21.0.11.10-hotspot\bin\jli.dll
0x00007ffa84550000 - 0x00007ffa84715000 	C:\Windows\System32\USER32.dll
0x00007ffa82fb0000 - 0x00007ffa82fd7000 	C:\Windows\System32\win32u.dll
0x00007ffa84720000 - 0x00007ffa8474b000 	C:\Windows\System32\GDI32.dll
0x00007ffa83f40000 - 0x00007ffa8406b000 	C:\Windows\System32\gdi32full.dll
0x00007ffa83e00000 - 0x00007ffa83ea3000 	C:\Windows\System32\msvcp_win.dll
0x00007ffa6b4d0000 - 0x00007ffa6b763000 	C:\Windows\WinSxS\amd64_microsoft.windows.common-controls_6595b64144ccf1df_6.0.26100.8115_none_3e075c82e3354f9c\COMCTL32.dll
0x00007ffa854a0000 - 0x00007ffa85549000 	C:\Windows\System32\msvcrt.dll
0x00007ffa86260000 - 0x00007ffa86292000 	C:\Windows\System32\IMM32.DLL
0x00007ffa6e9c0000 - 0x00007ffa6e9cc000 	C:\Program Files\Eclipse Adoptium\jdk-21.0.11.10-hotspot\bin\vcruntime140_1.dll
0x00007ffa4eda0000 - 0x00007ffa4ee2d000 	C:\Program Files\Eclipse Adoptium\jdk-21.0.11.10-hotspot\bin\msvcp140.dll
0x00007ff9b7e10000 - 0x00007ff9b8bb2000 	C:\Program Files\Eclipse Adoptium\jdk-21.0.11.10-hotspot\bin\server\jvm.dll
0x00007ffa84750000 - 0x00007ffa84806000 	C:\Windows\System32\ADVAPI32.dll
0x00007ffa853f0000 - 0x00007ffa85497000 	C:\Windows\System32\sechost.dll
0x00007ffa84430000 - 0x00007ffa84548000 	C:\Windows\System32\RPCRT4.dll
0x00007ffa85360000 - 0x00007ffa853e0000 	C:\Windows\System32\WS2_32.dll
0x00007ffa82a10000 - 0x00007ffa82a6e000 	C:\Windows\SYSTEM32\POWRPROF.dll
0x00007ffa75860000 - 0x00007ffa75896000 	C:\Windows\SYSTEM32\WINMM.dll
0x00007ffa7a520000 - 0x00007ffa7a52b000 	C:\Windows\SYSTEM32\VERSION.dll
0x00007ffa829f0000 - 0x00007ffa82a04000 	C:\Windows\SYSTEM32\UMPDC.dll
0x00007ffa81940000 - 0x00007ffa8195b000 	C:\Windows\SYSTEM32\kernel.appcore.dll
0x00007ffa6e850000 - 0x00007ffa6e85a000 	C:\Program Files\Eclipse Adoptium\jdk-21.0.11.10-hotspot\bin\jimage.dll
0x00007ffa80a30000 - 0x00007ffa80c72000 	C:\Windows\SYSTEM32\DBGHELP.DLL
0x00007ffa84fd0000 - 0x00007ffa85352000 	C:\Windows\System32\combase.dll
0x00007ffa85730000 - 0x00007ffa85808000 	C:\Windows\System32\OLEAUT32.dll
0x00007ffa6d0a0000 - 0x00007ffa6d0db000 	C:\Windows\SYSTEM32\dbgcore.DLL
0x00007ffa83c00000 - 0x00007ffa83ca5000 	C:\Windows\System32\bcryptPrimitives.dll
0x00007ffa6da60000 - 0x00007ffa6da80000 	C:\Program Files\Eclipse Adoptium\jdk-21.0.11.10-hotspot\bin\java.dll

JVMTI agents: none

dbghelp: loaded successfully - version: 4.0.5 - missing functions: none
symbol engine: initialized successfully - sym options: 0x614 - pdb path: .;C:\Program Files\Eclipse Adoptium\jdk-21.0.11.10-hotspot\bin;C:\Windows\SYSTEM32;C:\Windows\WinSxS\amd64_microsoft.windows.common-controls_6595b64144ccf1df_6.0.26100.8115_none_3e075c82e3354f9c;C:\Program Files\Eclipse Adoptium\jdk-21.0.11.10-hotspot\bin\server

VM Arguments:
jvm_args: -Dorg.gradle.internal.worker.tmpdir=C:\Users\chhay\projects\ema-thp\build\tmp\test\work -Xmx512m -Dfile.encoding=UTF-8 -Duser.country=IN -Duser.language=en -Duser.variant -ea 
java_command: worker.org.gradle.process.internal.worker.GradleWorkerMain 'Gradle Test Executor 3'
java_class_path (initial): C:\\Users\\chhay\\.gradle\\caches\\8.10.2\\workerMain\\gradle-worker.jar;C:\\Users\\chhay\\projects\\ema-thp\\build\\classes\\java\\test;C:\\Users\\chhay\\projects\\ema-thp\\build\\classes\\java\\main;C:\\Users\\chhay\\projects\\ema-thp\\build\\resources\\main;C:\\Users\\chhay\\.gradle\\caches\\modules-2\\files-2.1\\com.github.jsqlparser\\jsqlparser\\5.3\\87cbf3d0a5446cd9909dfea60ac77ca3d6be00b5\\jsqlparser-5.3.jar;C:\\Users\\chhay\\.gradle\\caches\\modules-2\\files-2.1\\com.google.code.gson\\gson\\2.11.0\\527175ca6d81050b53bdd4c457a6d6e017626b0e\\gson-2.11.0.jar;C:\\Users\\chhay\\.gradle\\caches\\modules-2\\files-2.1\\com.fasterxml.jackson.core\\jackson-annotations\\2.18.2\\985d77751ebc7fce5db115a986bc9aa82f973f4a\\jackson-annotations-2.18.2.jar;C:\\Users\\chhay\\.gradle\\caches\\modules-2\\files-2.1\\com.fasterxml.jackson.core\\jackson-core\\2.18.2\\fb64ccac5c27dca8819418eb4e443a9f496d9ee7\\jackson-core-2.18.2.jar;C:\\Users\\chhay\\.gradle\\caches\\modules-2\\files-2.1\\com.fasterxml.jackson.datatype\\jackson-datatype-jsr310\\2.18.2\\7b6ff96adf421f4c6edbd694e797dd8fe434510a\\jackson-datatype-jsr310-2.18.2.jar;C:\\Users\\chhay\\.gradle\\caches\\modules-2\\files-2.1\\com.fasterxml.jackson.core\\jackson-databind\\2.18.2\\deef8697b92141fb6caf7aa86966cff4eec9b04f\\jackson-databind-2.18.2.jar;C:\\Users\\chhay\\.gradle\\caches\\modules-2\\files-2.1\\org.postgresql\\postgresql\\42.7.4\\264310fd7b2cd76738787dc0b9f7ea2e3b11adc1\\postgresql-42.7.4.jar;C:\\Users\\chhay\\.gradle\\caches\\modules-2\\files-2.1\\com.h2database\\h2\\2.3.232\\4fcc05d966ccdb2812ae8b9a718f69226c0cf4e2\\h2-2.3.232.jar;C:\\Users\\chhay\\.gradle\\caches\\modules-2\\files-2.1\\org.junit.jupiter\\junit-jupiter\\5.14.4\\f2329cd22891643462575fdfe14b00daa841426c\\junit-jupiter-5.14.4.jar;C:\\Users\\chhay\\.gradle\\caches\\modules-2\\files-2.1\\org.junit.platform\\junit-platform-launcher\\1.14.4\\d68ebf573daf08bc82c452027686eaaa5a2be1c6\\junit-platform-launcher-1.14.4.jar;C:\\Users\\chhay\\.gradle\\caches\\modules-2\\files-2.1\\org.junit.jupiter\\junit-jupiter-params\\5.14.4\\a9f917d2417ae260fe3451ec7640bbbd8774840f\\junit-jupiter-params-5.14.4.jar;C:\\Users\\chhay\\.gradle\\caches\\modules-2\\files-2.1\\org.junit.jupiter\\junit-jupiter-engine\\5.14.4\\dd198558041b67d6a86f801908020ee21cdadf3e\\junit-jupiter-engine-5.14.4.jar;C:\\Users\\chhay\\.gradle\\caches\\modules-2\\files-2.1\\org.junit.jupiter\\junit-jupiter-api\\5.14.4\\478c1ec9780d6214c04db63caa520a18a7a0c697\\junit-jupiter-api-5.14.4.jar;C:\\Users\\chhay\\.gradle\\caches\\modules-2\\files-2.1\\org.junit.platform\\junit-platform-engine\\1.14.4\\efa8516a9ba0d1efa7f9f64d7a046f05c6b39cfd\\junit-platform-engine-1.14.4.jar;C:\\Users\\chhay\\.gradle\\caches\\modules-2\\files-2.1\\org.junit.platform\\junit-platform-commons\\1.14.4\\8fc5afb31243ac7141e48e5aa571955340c83795\\junit-platform-commons-1.14.4.jar;C:\\Users\\chhay\\.gradle\\caches\\modules-2\\files-2.1\\org.openjdk.jmh\\jmh-core\\1.37\\896f27e49105b35ea1964319c83d12082e7a79ef\\jmh-core-1.37.jar;C:\\Users\\chhay\\.gradle\\caches\\modules-2\\files-2.1\\com.google.errorprone\\error_prone_annotations\\2.27.0\\91b2c29d8a6148b5e2e4930f070d4840e2e48e34\\error_prone_annotations-2.27.0.jar;C:\\Users\\chhay\\.gradle\\caches\\modules-2\\files-2.1\\org.checkerframework\\checker-qual\\3.42.0\\638ec33f363a94d41a4f03c3e7d3dcfba64e402d\\checker-qual-3.42.0.jar;C:\\Users\\chhay\\.gradle\\caches\\modules-2\\files-2.1\\net.sf.jopt-simple\\jopt-simple\\5.0.4\\4fdac2fbe92dfad86aa6e9301736f6b4342a3f5c\\jopt-simple-5.0.4.jar;C:\\Users\\chhay\\.gradle\\caches\\modules-2\\files-2.1\\org.apache.commons\\commons-math3\\3.6.1\\e4ba98f1d4b3c80ec46392f25e094a6a2e58fcbf\\commons-math3-3.6.1.jar;C:\\Users\\chhay\\.gradle\\caches\\modules-2\\files-2.1\\org.opentest4j\\opentest4j\\1.3.0\\152ea56b3a72f655d4fd677fc0ef2596c3dd5e6e\\opentest4j-1.3.0.jar
Launcher Type: SUN_STANDARD

[Global flags]
     intx CICompilerCount                          = 4                                         {product} {ergonomic}
     uint ConcGCThreads                            = 2                                         {product} {ergonomic}
     uint G1ConcRefinementThreads                  = 8                                         {product} {ergonomic}
   size_t G1HeapRegionSize                         = 1048576                                   {product} {ergonomic}
    uintx GCDrainStackTargetSize                   = 64                                        {product} {ergonomic}
   size_t InitialHeapSize                          = 121634816                                 {product} {ergonomic}
   size_t MarkStackSize                            = 4194304                                   {product} {ergonomic}
   size_t MaxHeapSize                              = 536870912                                 {product} {command line}
   size_t MinHeapDeltaBytes                        = 1048576                                   {product} {ergonomic}
   size_t MinHeapSize                              = 8388608                                   {product} {ergonomic}
    uintx NonNMethodCodeHeapSize                   = 5839372                                {pd product} {ergonomic}
    uintx NonProfiledCodeHeapSize                  = 122909434                              {pd product} {ergonomic}
    uintx ProfiledCodeHeapSize                     = 122909434                              {pd product} {ergonomic}
    uintx ReservedCodeCacheSize                    = 251658240                              {pd product} {ergonomic}
     bool SegmentedCodeCache                       = true                                      {product} {ergonomic}
   size_t SoftMaxHeapSize                          = 536870912                              {manageable} {ergonomic}
     bool UseCompressedOops                        = true                           {product lp64_product} {ergonomic}
     bool UseG1GC                                  = true                                      {product} {ergonomic}
     bool UseLargePagesIndividualAllocation        = false                                  {pd product} {ergonomic}

Logging:
Log output configuration:
 #0: stdout all=warning uptime,level,tags foldmultilines=false
 #1: stderr all=off uptime,level,tags foldmultilines=false

Release file:
<release file has not been read>
Environment Variables:
CLASSPATH=C:\Users\chhay\projects\ema-thp\\gradle\wrapper\gradle-wrapper.jar
PATH=c:\Users\chhay\AppData\Local\Programs\cursor\resources\app\resources\helpers;C:\Program Files\Eclipse Adoptium\jdk-21.0.11.10-hotspot\bin;C:\Windows\system32;C:\Windows;C:\Windows\System32\Wbem;C:\Windows\System32\WindowsPowerShell\v1.0\;C:\Windows\System32\OpenSSH\;C:\Program Files\dotnet\;C:\Program Files\Git\cmd;c:\Users\chhay\AppData\Local\Programs\cursor\resources\app\codeBin;C:\Users\chhay\AppData\Local\Microsoft\WindowsApps;C:\Users\chhay\AppData\Local\Programs\cursor\resources\app\bin
USERNAME=chhay
TERM=dumb
OS=Windows_NT
PROCESSOR_IDENTIFIER=AMD64 Family 23 Model 160 Stepping 0, AuthenticAMD
TMP=C:\Users\chhay\AppData\Local\Temp
TEMP=C:\Users\chhay\AppData\Local\Temp




Periodic native trim disabled

---------------  S Y S T E M  ---------------

OS:
 Windows 11 , 64 bit Build 26100 (10.0.26100.8246)
OS uptime: 2 days 2:28 hours
Hyper-V role detected

CPU: total 8 (initial active 8) (8 cores per cpu, 2 threads per core) family 23 model 160 stepping 0 microcode 0x8a0000a, cx8, cmov, fxsr, ht, mmx, 3dnowpref, sse, sse2, sse3, ssse3, sse4a, sse4.1, sse4.2, popcnt, lzcnt, tsc, tscinvbit, avx, avx2, aes, clmul, bmi1, bmi2, adx, sha, fma, vzeroupper, clflush, clflushopt, hv, rdtscp, rdpid, f16c
Processor Information for the first 8 processors :
  Max Mhz: 2401, Current Mhz: 2401, Mhz Limit: 2401

Memory: 4k page, system-wide physical 7379M (458M free)
TotalPageFile size 29907M (AvailPageFile size 0M)
current process WorkingSet (physical memory assigned to process): 12M, peak: 12M
current process commit charge ("private bytes"): 60M, peak: 175M

vm_info: OpenJDK 64-Bit Server VM (21.0.11+10-LTS) for windows-amd64 JRE (21.0.11+10-LTS), built on 2026-04-21T00:00:00Z by "admin" with MS VC++ 17.12 (VS2022)

END.
